{
  "RSpec": {
    "coverage": {
      "/Users/sergei/Documents/Makers/acebook-st-bals/spec/features/logged_in_user_can_log_out_spec.rb": {
        "lines": [
          1,
          null,
          null,
          1,
          1,
          1,
          1,
          null,
          1,
          null,
          null
        ]
      },
      "/Users/sergei/Documents/Makers/acebook-st-bals/spec/features/user_can_delete_post_spec.rb": {
        "lines": [
          1,
          1,
          null,
          1,
          1,
          1,
          null,
          1,
          1,
          null,
          null
        ]
      },
      "/Users/sergei/Documents/Makers/acebook-st-bals/spec/features/user_can_edit_post_spec.rb": {
        "lines": [
          1,
          1,
          1,
          1,
          1,
          1,
          1,
          null,
          1,
          1,
          null,
          null,
          1,
          1,
          1,
          1,
          1,
          1,
          null,
          1,
          null,
          null
        ]
      },
      "/Users/sergei/Documents/Makers/acebook-st-bals/spec/features/user_can_leave_comment_spec.rb": {
        "lines": [
          1,
          null,
          1,
          1,
          1,
          1,
          1,
          1,
          null,
          1,
          null,
          null
        ]
      },
      "/Users/sergei/Documents/Makers/acebook-st-bals/spec/features/user_can_like_post_spec.rb": {
        "lines": [
          1,
          1,
          1,
          1,
          1,
          null,
          1,
          null,
          null,
          1,
          1,
          1,
          1,
          1,
          null,
          1,
          null,
          null,
          null
        ]
      },
      "/Users/sergei/Documents/Makers/acebook-st-bals/spec/features/user_can_sign_in_spec.rb": {
        "lines": [
          1,
          null,
          1,
          1,
          1,
          1,
          1,
          1,
          1,
          null,
          1,
          null,
          null,
          1,
          1,
          1,
          1,
          1,
          1,
          null,
          1,
          1,
          null,
          null
        ]
      },
      "/Users/sergei/Documents/Makers/acebook-st-bals/spec/features/user_can_sign_up_spec.rb": {
        "lines": [
          1,
          null,
          1,
          1,
          1,
          1,
          1,
          1,
          1,
          1,
          1,
          1,
          1,
          null,
          null,
          1,
          1,
          1,
          1,
          1,
          1,
          1,
          1,
          1,
          1,
          1,
          null,
          null,
          1,
          1,
          1,
          1,
          1,
          1,
          1,
          1,
          1,
          null,
          null
        ]
      },
      "/Users/sergei/Documents/Makers/acebook-st-bals/spec/features/user_can_submit_posts_spec.rb": {
        "lines": [
          1,
          null,
          1,
          1,
          1,
          null,
          1,
          null,
          null,
          1,
          1,
          1,
          1,
          null,
          1,
          null,
          null,
          1,
          1,
          1,
          1,
          1,
          null,
          1,
          1,
          null,
          null,
          1,
          1,
          1,
          1,
          null,
          1,
          null,
          null,
          1,
          1,
          1,
          null,
          1,
          null,
          null
        ]
      },
      "/Users/sergei/Documents/Makers/acebook-st-bals/spec/features/user_will_see_sign_up_form_spec.rb": {
        "lines": [
          1,
          null,
          1,
          1,
          1,
          null,
          1,
          1,
          1,
          1,
          1,
          1,
          1,
          null,
          null
        ]
      },
      "/Users/sergei/Documents/Makers/acebook-st-bals/spec/requests/password_resets_spec.rb": {
        "lines": [
          1,
          null,
          1,
          1,
          1,
          1,
          1,
          null,
          null,
          null,
          null
        ]
      },
      "/Users/sergei/Documents/Makers/acebook-st-bals/spec/routing/posts_routing_spec.rb": {
        "lines": [
          1,
          null,
          1,
          1,
          1,
          1,
          null,
          null,
          1,
          1,
          null,
          null,
          1,
          1,
          null,
          null,
          1,
          1,
          null,
          null,
          null,
          1,
          1,
          null,
          null,
          1,
          1,
          null,
          null,
          1,
          1,
          null,
          null,
          1,
          1,
          null,
          null,
          null
        ]
      },
      "/Users/sergei/Documents/Makers/acebook-st-bals/app/controllers/posts_controller.rb": {
        "lines": [
          1,
          1,
          null,
          null,
          1,
          null,
          68,
          68,
          68,
          null,
          null,
          null,
          null,
          1,
          1,
          null,
          null,
          null,
          1,
          2,
          0,
          null,
          null,
          null,
          null,
          1,
          13,
          13,
          null,
          13,
          13,
          24,
          12,
          null,
          null,
          2,
          1,
          null,
          null,
          null,
          null,
          null,
          1,
          2,
          2,
          2,
          1,
          null,
          2,
          null,
          null,
          null,
          null,
          null,
          1,
          1,
          1,
          2,
          1,
          null,
          null,
          null,
          1,
          null,
          null,
          1,
          6,
          null,
          null,
          null,
          1,
          15,
          null,
          null
        ]
      },
      "/Users/sergei/Documents/Makers/acebook-st-bals/app/controllers/application_controller.rb": {
        "lines": [
          1,
          1,
          1,
          1,
          null,
          null,
          null,
          null,
          null,
          158,
          null,
          null,
          1,
          null,
          null
        ]
      },
      "/Users/sergei/Documents/Makers/acebook-st-bals/app/controllers/registrations_controller.rb": {
        "lines": [
          1,
          1,
          19,
          null,
          null,
          1,
          19,
          19,
          18,
          18,
          null,
          1,
          1,
          null,
          null,
          null,
          null,
          null,
          1,
          null,
          1,
          null,
          19,
          null,
          null
        ]
      },
      "/Users/sergei/Documents/Makers/acebook-st-bals/app/models/user.rb": {
        "lines": [
          1,
          1,
          110,
          1,
          null,
          109,
          null,
          null,
          null,
          1,
          0,
          0,
          0,
          0,
          null,
          null,
          1,
          0,
          0,
          null,
          null,
          null,
          null,
          1,
          1,
          1,
          null,
          null,
          null,
          null,
          null,
          1,
          null,
          null,
          1,
          1,
          1,
          null,
          null
        ]
      },
      "/Users/sergei/Documents/Makers/acebook-st-bals/app/models/application_record.rb": {
        "lines": [
          1,
          1,
          null
        ]
      },
      "/Users/sergei/Documents/Makers/acebook-st-bals/app/models/current.rb": {
        "lines": [
          1,
          1,
          null
        ]
      },
      "/Users/sergei/Documents/Makers/acebook-st-bals/app/models/post.rb": {
        "lines": [
          1,
          1,
          56,
          69,
          1,
          1,
          1,
          1,
          null,
          null,
          1,
          0,
          null,
          null,
          null
        ]
      },
      "/Users/sergei/Documents/Makers/acebook-st-bals/app/models/like.rb": {
        "lines": [
          1,
          1,
          1,
          null
        ]
      },
      "/Users/sergei/Documents/Makers/acebook-st-bals/app/models/comment.rb": {
        "lines": [
          1,
          1,
          1,
          null,
          1,
          8,
          null,
          null,
          1,
          null
        ]
      },
      "/Users/sergei/Documents/Makers/acebook-st-bals/app/controllers/comments_controller.rb": {
        "lines": [
          1,
          1,
          1,
          null,
          1,
          0,
          null,
          null,
          null,
          1,
          null,
          null,
          1,
          0,
          null,
          null,
          null,
          1,
          null,
          null,
          1,
          4,
          4,
          null,
          4,
          4,
          4,
          8,
          4,
          null,
          0,
          0,
          null,
          null,
          null,
          null,
          null,
          1,
          0,
          0,
          0,
          0,
          null,
          0,
          0,
          null,
          null,
          null,
          null,
          null,
          1,
          0,
          0,
          0,
          0,
          null,
          null,
          null,
          1,
          null,
          null,
          1,
          0,
          null,
          null,
          null,
          1,
          4,
          null,
          null,
          1,
          4,
          null,
          null
        ]
      },
      "/Users/sergei/Documents/Makers/acebook-st-bals/app/controllers/sessions_controller.rb": {
        "lines": [
          1,
          1,
          null,
          null,
          1,
          null,
          12,
          null,
          12,
          11,
          11,
          null,
          1,
          1,
          null,
          null,
          null,
          1,
          null,
          1,
          1,
          null,
          null
        ]
      },
      "/Users/sergei/Documents/Makers/acebook-st-bals/app/controllers/likes_controller.rb": {
        "lines": [
          1,
          1,
          1,
          null,
          1,
          2,
          2,
          null,
          null,
          1,
          1,
          1,
          null,
          null,
          1,
          null,
          1,
          3,
          null,
          null,
          1,
          1,
          null,
          null
        ]
      },
      "/Users/sergei/Documents/Makers/acebook-st-bals/app/controllers/password_resets_controller.rb": {
        "lines": [
          1,
          1,
          null,
          null,
          1,
          0,
          0,
          0,
          0,
          null,
          null,
          1,
          0,
          null,
          null,
          1,
          0,
          0,
          0,
          0,
          0,
          0,
          0,
          null,
          0,
          null,
          null,
          null,
          1,
          null,
          null,
          1,
          0,
          null,
          null
        ]
      }
    },
    "timestamp": 1637319568
  }
}
